> Task :app:preBuild UP-TO-DATE
> Task :app:preDebugBuild UP-TO-DATE
> Task :app:mergeDebugNativeDebugMetadata NO-SOURCE
> Task :app:checkKotlinGradlePluginConfigurationErrors
> Task :app:dataBindingMergeDependencyArtifactsDebug UP-TO-DATE
> Task :app:generateDebugResValues UP-TO-DATE
> Task :app:generateDebugResources UP-TO-DATE
> Task :app:mergeDebugResources UP-TO-DATE
> Task :app:packageDebugResources UP-TO-DATE
> Task :app:parseDebugLocalResources UP-TO-DATE
> Task :app:dataBindingGenBaseClassesDebug UP-TO-DATE
> Task :app:checkDebugAarMetadata UP-TO-DATE
> Task :app:mapDebugSourceSetPaths UP-TO-DATE
> Task :app:createDebugCompatibleScreenManifests UP-TO-DATE
> Task :app:extractDeepLinksDebug UP-TO-DATE
> Task :app:processDebugMainManifest
> Task :app:processDebugManifest
> Task :app:javaPreCompileDebug UP-TO-DATE
> Task :app:mergeDebugShaders UP-TO-DATE
> Task :app:compileDebugShaders NO-SOURCE
> Task :app:generateDebugAssets UP-TO-DATE
> Task :app:mergeDebugAssets UP-TO-DATE
> Task :app:compressDebugAssets UP-TO-DATE
> Task :app:desugarDebugFileDependencies UP-TO-DATE
> Task :app:checkDebugDuplicateClasses UP-TO-DATE
> Task :app:mergeDebugStartupProfile UP-TO-DATE
> Task :app:mergeExtDexDebug UP-TO-DATE
> Task :app:mergeLibDexDebug UP-TO-DATE
> Task :app:mergeDebugJniLibFolders UP-TO-DATE
> Task :app:mergeDebugNativeLibs NO-SOURCE
> Task :app:stripDebugDebugSymbols NO-SOURCE
> Task :app:validateSigningDebug UP-TO-DATE
> Task :app:writeDebugAppMetadata UP-TO-DATE
> Task :app:writeDebugSigningConfigVersions UP-TO-DATE
> Task :app:processDebugManifestForPackage
> Task :app:processDebugResources
> Task :app:kaptGenerateStubsDebugKotlin
> Task :app:kaptDebugKotlin

> Task :app:compileDebugKotlin
e: file:///app/app/src/main/java/com/omymaxz/download/YouTubeDownloadService.kt:277:35 Unresolved reference: MediaCodec
e: file:///app/app/src/main/java/com/omymaxz/download/YouTubeDownloadService.kt:281:33 Variable expected
e: file:///app/app/src/main/java/com/omymaxz/download/YouTubeDownloadService.kt:282:33 Variable expected
e: file:///app/app/src/main/java/com/omymaxz/download/YouTubeDownloadService.kt:283:33 Variable expected
e: file:///app/app/src/main/java/com/omymaxz/download/YouTubeDownloadService.kt:284:33 Variable expected
e: file:///app/app/src/main/java/com/omymaxz/download/YouTubeDownloadService.kt:291:35 Unresolved reference: MediaCodec
e: file:///app/app/src/main/java/com/omymaxz/download/YouTubeDownloadService.kt:295:33 Variable expected
e: file:///app/app/src/main/java/com/omymaxz/download/YouTubeDownloadService.kt:296:33 Variable expected
e: file:///app/app/src/main/java/com/omymaxz/download/YouTubeDownloadService.kt:297:33 Variable expected
e: file:///app/app/src/main/java/com/omymaxz/download/YouTubeDownloadService.kt:298:33 Variable expected

> Task :app:compileDebugKotlin FAILED

FAILURE: Build failed with an exception.

* What went wrong:
Execution failed for task ':app:compileDebugKotlin'.
> A failure occurred while executing org.jetbrains.kotlin.compilerRunner.GradleCompilerRunnerWithWorkers$GradleKotlinCompilerWorkAction
   > Compilation error. See log for more details

* Try:
> Run with --stacktrace option to get the stack trace.
> Run with --info or --debug option to get more log output.
> Run with --scan to get full insights.
> Get more help at https://help.gradle.org.

BUILD FAILED in 36s
32 actionable tasks: 8 executed, 24 up-to-date
